<?xml version="1.0" encoding="UTF-8"?>
<testsuite xmlns:xsi="http://www.w3.org/2001/XMLSchema-instance" xsi:noNamespaceSchemaLocation="https://maven.apache.org/surefire/maven-surefire-plugin/xsd/surefire-test-report.xsd" name="com.prestamo.AppTest" time="0.029" tests="1" errors="0" skipped="0" failures="0">
  <properties>
    <property name="sun.desktop" value="gnome"/>
    <property name="awt.toolkit" value="sun.awt.X11.XToolkit"/>
    <property name="java.specification.version" value="11"/>
    <property name="sun.cpu.isalist" value=""/>
    <property name="sun.jnu.encoding" value="UTF-8"/>
    <property name="java.class.path" value="/home/gibran/Desktop/universidad/Programación Avanzada/prestamos-java/prestamo/target/test-classes:/home/gibran/Desktop/universidad/Programación Avanzada/prestamos-java/prestamo/target/classes:/home/gibran/.m2/repository/org/apache/commons/commons-lang3/3.12.0/commons-lang3-3.12.0.jar:/home/gibran/.m2/repository/com/opencsv/opencsv/5.5.1/opencsv-5.5.1.jar:/home/gibran/.m2/repository/org/apache/commons/commons-text/1.9/commons-text-1.9.jar:/home/gibran/.m2/repository/commons-beanutils/commons-beanutils/1.9.4/commons-beanutils-1.9.4.jar:/home/gibran/.m2/repository/commons-logging/commons-logging/1.2/commons-logging-1.2.jar:/home/gibran/.m2/repository/commons-collections/commons-collections/3.2.2/commons-collections-3.2.2.jar:/home/gibran/.m2/repository/org/apache/commons/commons-collections4/4.4/commons-collections4-4.4.jar:/home/gibran/.m2/repository/commons-io/commons-io/2.11.0/commons-io-2.11.0.jar:/home/gibran/.m2/repository/org/apache/commons/commons-csv/1.9.0/commons-csv-1.9.0.jar:/home/gibran/.m2/repository/junit/junit/4.11/junit-4.11.jar:/home/gibran/.m2/repository/org/hamcrest/hamcrest-core/1.3/hamcrest-core-1.3.jar:"/>
    <property name="java.vm.vendor" value="Ubuntu"/>
    <property name="sun.arch.data.model" value="64"/>
    <property name="java.vendor.url" value="https://ubuntu.com/"/>
    <property name="user.timezone" value=""/>
    <property name="java.vm.specification.version" value="11"/>
    <property name="os.name" value="Linux"/>
    <property name="sun.java.launcher" value="SUN_STANDARD"/>
    <property name="user.country" value="US"/>
    <property name="sun.boot.library.path" value="/usr/lib/jvm/java-11-openjdk-amd64/lib"/>
    <property name="sun.java.command" value="/home/gibran/Desktop/universidad/Programación Avanzada/prestamos-java/prestamo/target/surefire/surefirebooter5882181377033266583.jar /home/gibran/Desktop/universidad/Programación Avanzada/prestamos-java/prestamo/target/surefire 2021-11-29T22-43-15_057-jvmRun1 surefire7129218230703926128tmp surefire_09124451864312423703tmp"/>
    <property name="jdk.debug" value="release"/>
    <property name="surefire.test.class.path" value="/home/gibran/Desktop/universidad/Programación Avanzada/prestamos-java/prestamo/target/test-classes:/home/gibran/Desktop/universidad/Programación Avanzada/prestamos-java/prestamo/target/classes:/home/gibran/.m2/repository/org/apache/commons/commons-lang3/3.12.0/commons-lang3-3.12.0.jar:/home/gibran/.m2/repository/com/opencsv/opencsv/5.5.1/opencsv-5.5.1.jar:/home/gibran/.m2/repository/org/apache/commons/commons-text/1.9/commons-text-1.9.jar:/home/gibran/.m2/repository/commons-beanutils/commons-beanutils/1.9.4/commons-beanutils-1.9.4.jar:/home/gibran/.m2/repository/commons-logging/commons-logging/1.2/commons-logging-1.2.jar:/home/gibran/.m2/repository/commons-collections/commons-collections/3.2.2/commons-collections-3.2.2.jar:/home/gibran/.m2/repository/org/apache/commons/commons-collections4/4.4/commons-collections4-4.4.jar:/home/gibran/.m2/repository/commons-io/commons-io/2.11.0/commons-io-2.11.0.jar:/home/gibran/.m2/repository/org/apache/commons/commons-csv/1.9.0/commons-csv-1.9.0.jar:/home/gibran/.m2/repository/junit/junit/4.11/junit-4.11.jar:/home/gibran/.m2/repository/org/hamcrest/hamcrest-core/1.3/hamcrest-core-1.3.jar:"/>
    <property name="sun.cpu.endian" value="little"/>
    <property name="user.home" value="/home/gibran"/>
    <property name="user.language" value="en"/>
    <property name="java.specification.vendor" value="Oracle Corporation"/>
    <property name="java.version.date" value="2021-04-20"/>
    <property name="java.home" value="/usr/lib/jvm/java-11-openjdk-amd64"/>
    <property name="file.separator" value="/"/>
    <property name="basedir" value="/home/gibran/Desktop/universidad/Programación Avanzada/prestamos-java/prestamo"/>
    <property name="java.vm.compressedOopsMode" value="Zero based"/>
    <property name="line.separator" value="&#10;"/>
    <property name="java.specification.name" value="Java Platform API Specification"/>
    <property name="java.vm.specification.vendor" value="Oracle Corporation"/>
    <property name="java.awt.graphicsenv" value="sun.awt.X11GraphicsEnvironment"/>
    <property name="surefire.real.class.path" value="/home/gibran/Desktop/universidad/Programación Avanzada/prestamos-java/prestamo/target/surefire/surefirebooter5882181377033266583.jar"/>
    <property name="sun.management.compiler" value="HotSpot 64-Bit Tiered Compilers"/>
    <property name="java.runtime.version" value="11.0.11+9-Ubuntu-0ubuntu2.20.04"/>
    <property name="user.name" value="gibran"/>
    <property name="path.separator" value=":"/>
    <property name="os.version" value="5.11.0-38-generic"/>
    <property name="java.runtime.name" value="OpenJDK Runtime Environment"/>
    <property name="file.encoding" value="UTF-8"/>
    <property name="java.vm.name" value="OpenJDK 64-Bit Server VM"/>
    <property name="localRepository" value="/home/gibran/.m2/repository"/>
    <property name="java.vendor.url.bug" value="https://bugs.launchpad.net/ubuntu/+source/openjdk-lts"/>
    <property name="java.io.tmpdir" value="/tmp"/>
    <property name="java.version" value="11.0.11"/>
    <property name="user.dir" value="/home/gibran/Desktop/universidad/Programación Avanzada/prestamos-java/prestamo"/>
    <property name="os.arch" value="amd64"/>
    <property name="java.vm.specification.name" value="Java Virtual Machine Specification"/>
    <property name="java.awt.printerjob" value="sun.print.PSPrinterJob"/>
    <property name="sun.os.patch.level" value="unknown"/>
    <property name="java.library.path" value="/usr/java/packages/lib:/usr/lib/x86_64-linux-gnu/jni:/lib/x86_64-linux-gnu:/usr/lib/x86_64-linux-gnu:/usr/lib/jni:/lib:/usr/lib"/>
    <property name="java.vm.info" value="mixed mode, sharing"/>
    <property name="java.vendor" value="Ubuntu"/>
    <property name="java.vm.version" value="11.0.11+9-Ubuntu-0ubuntu2.20.04"/>
    <property name="sun.io.unicode.encoding" value="UnicodeLittle"/>
    <property name="java.class.version" value="55.0"/>
  </properties>
  <testcase name="shouldAnswerWithTrue" classname="com.prestamo.AppTest" time="0.001"/>
</testsuite>